0 info it worked if it ends with ok
1 verbose cli [ '/Users/jennylynnsharps/.nvm/versions/node/v5.1.0/bin/node',
1 verbose cli   '/Users/jennylynnsharps/.nvm/versions/node/v5.1.0/bin/npm',
1 verbose cli   'restart' ]
2 info using npm@3.3.12
3 info using node@v5.1.0
4 verbose run-script [ 'prerestart',
4 verbose run-script   'prestop',
4 verbose run-script   'stop',
4 verbose run-script   'poststop',
4 verbose run-script   'restart',
4 verbose run-script   'prestart',
4 verbose run-script   'start',
4 verbose run-script   'poststart',
4 verbose run-script   'postrestart' ]
5 info lifecycle jls-bdd-recipes@1.0.0~prerestart: jls-bdd-recipes@1.0.0
6 silly lifecycle jls-bdd-recipes@1.0.0~prerestart: no script for prerestart, continuing
7 info lifecycle jls-bdd-recipes@1.0.0~prestop: jls-bdd-recipes@1.0.0
8 silly lifecycle jls-bdd-recipes@1.0.0~prestop: no script for prestop, continuing
9 info lifecycle jls-bdd-recipes@1.0.0~stop: jls-bdd-recipes@1.0.0
10 silly lifecycle jls-bdd-recipes@1.0.0~stop: no script for stop, continuing
11 info lifecycle jls-bdd-recipes@1.0.0~poststop: jls-bdd-recipes@1.0.0
12 silly lifecycle jls-bdd-recipes@1.0.0~poststop: no script for poststop, continuing
13 info lifecycle jls-bdd-recipes@1.0.0~restart: jls-bdd-recipes@1.0.0
14 silly lifecycle jls-bdd-recipes@1.0.0~restart: no script for restart, continuing
15 info lifecycle jls-bdd-recipes@1.0.0~prestart: jls-bdd-recipes@1.0.0
16 silly lifecycle jls-bdd-recipes@1.0.0~prestart: no script for prestart, continuing
17 info lifecycle jls-bdd-recipes@1.0.0~start: jls-bdd-recipes@1.0.0
18 verbose lifecycle jls-bdd-recipes@1.0.0~start: unsafe-perm in lifecycle true
19 verbose lifecycle jls-bdd-recipes@1.0.0~start: PATH: /Users/jennylynnsharps/.nvm/versions/node/v5.1.0/lib/node_modules/npm/bin/node-gyp-bin:/Users/jennylynnsharps/test-app/BDD-Recipes/node_modules/.bin:/Users/jennylynnsharps/.nvm/versions/node/v5.1.0/bin:/Library/Frameworks/Python.framework/Versions/2.7/bin:/Users/jennylynnsharps/.rvm/gems/ruby-1.9.2-p290@rails3tutorial/bin:/Users/jennylynnsharps/.rvm/gems/ruby-1.9.2-p290@global/bin:/Users/jennylynnsharps/.rvm/rubies/ruby-1.9.2-p290/bin:/Users/jennylynnsharps/.rvm/bin:/usr/bin:/bin:/usr/sbin:/sbin:/usr/local/bin:/usr/local/git/bin
20 verbose lifecycle jls-bdd-recipes@1.0.0~start: CWD: /Users/jennylynnsharps/test-app/BDD-Recipes
21 silly lifecycle jls-bdd-recipes@1.0.0~start: Args: [ '-c', 'node app/recipes.js' ]
22 silly lifecycle jls-bdd-recipes@1.0.0~start: Returned: code: 1  signal: null
23 info lifecycle jls-bdd-recipes@1.0.0~start: Failed to exec start script
24 verbose stack Error: jls-bdd-recipes@1.0.0 start: `node app/recipes.js`
24 verbose stack Exit status 1
24 verbose stack     at EventEmitter.<anonymous> (/Users/jennylynnsharps/.nvm/versions/node/v5.1.0/lib/node_modules/npm/lib/utils/lifecycle.js:232:16)
24 verbose stack     at emitTwo (events.js:87:13)
24 verbose stack     at EventEmitter.emit (events.js:172:7)
24 verbose stack     at ChildProcess.<anonymous> (/Users/jennylynnsharps/.nvm/versions/node/v5.1.0/lib/node_modules/npm/lib/utils/spawn.js:24:14)
24 verbose stack     at emitTwo (events.js:87:13)
24 verbose stack     at ChildProcess.emit (events.js:172:7)
24 verbose stack     at maybeClose (internal/child_process.js:818:16)
24 verbose stack     at Process.ChildProcess._handle.onexit (internal/child_process.js:211:5)
25 verbose pkgid jls-bdd-recipes@1.0.0
26 verbose cwd /Users/jennylynnsharps/test-app/BDD-Recipes
27 error Darwin 13.4.0
28 error argv "/Users/jennylynnsharps/.nvm/versions/node/v5.1.0/bin/node" "/Users/jennylynnsharps/.nvm/versions/node/v5.1.0/bin/npm" "restart"
29 error node v5.1.0
30 error npm  v3.3.12
31 error code ELIFECYCLE
32 error jls-bdd-recipes@1.0.0 start: `node app/recipes.js`
32 error Exit status 1
33 error Failed at the jls-bdd-recipes@1.0.0 start script 'node app/recipes.js'.
33 error Make sure you have the latest version of node.js and npm installed.
33 error If you do, this is most likely a problem with the jls-bdd-recipes package,
33 error not with npm itself.
33 error Tell the author that this fails on your system:
33 error     node app/recipes.js
33 error You can get their info via:
33 error     npm owner ls jls-bdd-recipes
33 error There is likely additional logging output above.
34 verbose exit [ 1, true ]
